Using pre-set license
Built from '2020.3/staging' branch; Version is '2020.3.13f1 (71691879b7f5) revision 7432472'; Using compiler version '192528614'; Build Type 'Release'
OS: 'Windows 10 Pro; OS build 19042.1165; Version 2009; 64bit' Language: 'en' Physical Memory: 16313 MB
BatchMode: 1, IsHumanControllingUs: 0, StartBugReporterOnCrash: 0, Is64bit: 1, IsPro: 0

 COMMAND LINE ARGUMENTS:
D:\Unity\2020.3.13f1\Editor\Unity.exe
-adb2
-batchMode
-noUpm
-name
AssetImportWorker1
-projectPath
D:/TFS/Term 5/VGP 222/VR-Puzzle
-logFile
Logs/AssetImportWorker1.log
-srvPort
60620
Successfully changed project path to: D:/TFS/Term 5/VGP 222/VR-Puzzle
D:/TFS/Term 5/VGP 222/VR-Puzzle
Using Asset Import Pipeline V2.
Refreshing native plugins compatible for Editor in 15.47 ms, found 0 plugins.
Preloading 0 native plugins for Editor in 0.00 ms.
Initialize engine version: 2020.3.13f1 (71691879b7f5)
[Subsystems] Discovering subsystems at path D:/Unity/2020.3.13f1/Editor/Data/Resources/UnitySubsystems
[Subsystems] Discovering subsystems at path D:/TFS/Term 5/VGP 222/VR-Puzzle/Assets
GfxDevice: creating device client; threaded=0
Direct3D:
    Version:  Direct3D 11.0 [level 11.1]
    Renderer: NVIDIA GeForce GTX 1650 (ID=0x1f82)
    Vendor:   
    VRAM:     3962 MB
    Driver:   27.21.14.5671
Initialize mono
Mono path[0] = 'D:/Unity/2020.3.13f1/Editor/Data/Managed'
Mono path[1] = 'D:/Unity/2020.3.13f1/Editor/Data/MonoBleedingEdge/lib/mono/unityjit'
Mono config path = 'D:/Unity/2020.3.13f1/Editor/Data/MonoBleedingEdge/etc'
Using monoOptions --debugger-agent=transport=dt_socket,embedding=1,server=y,suspend=n,address=127.0.0.1:56452
Begin MonoManager ReloadAssembly
Registering precompiled unity dll's ...
Register platform support module: D:/Unity/2020.3.13f1/Editor/Data/PlaybackEngines/WebGLSupport/UnityEditor.WebGL.Extensions.dll
Register platform support module: D:/Unity/2020.3.13f1/Editor/Data/PlaybackEngines/WindowsStandaloneSupport/UnityEditor.WindowsStandalone.Extensions.dll
Registered in 0.001143 seconds.
Native extension for WindowsStandalone target not found
Native extension for WebGL target not found
Refreshing native plugins compatible for Editor in 14.42 ms, found 0 plugins.
Preloading 0 native plugins for Editor in 0.00 ms.
Mono: successfully reloaded assembly
- Completed reload, in  1.024 seconds
Platform modules already initialized, skipping
Registering precompiled user dll's ...
Registered in 0.000411 seconds.
Begin MonoManager ReloadAssembly
Native extension for WindowsStandalone target not found
Native extension for WebGL target not found
Refreshing native plugins compatible for Editor in 0.15 ms, found 0 plugins.
Preloading 0 native plugins for Editor in 0.00 ms.
Mono: successfully reloaded assembly
- Completed reload, in  0.727 seconds
Platform modules already initialized, skipping
========================================================================
Worker process is ready to serve import requests
Launched and connected shader compiler UnityShaderCompiler.exe after 0.05 seconds
Refreshing native plugins compatible for Editor in 0.14 ms, found 0 plugins.
Preloading 0 native plugins for Editor in 0.00 ms.
Unloading 629 Unused Serialized files (Serialized files now loaded: 0)
System memory in use before: 41.8 MB.
System memory in use after: 41.8 MB.

Unloading 9 unused Assets to reduce memory usage. Loaded Objects now: 1072.
Total: 1.550400 ms (FindLiveObjects: 0.102600 ms CreateObjectMapping: 0.021300 ms MarkObjects: 1.368700 ms  DeleteObjects: 0.056800 ms)

AssetImportParameters requested are different than current active one (requested -> active):
  custom:framework-win-MediaFoundation: 216162199b28c13a410421893ffa2e32 -> 
  custom:video-decoder-ogg-theora: a1e56fd34408186e4bbccfd4996cb3dc -> 
  custom:container-muxer-webm: aa71ff27fc2769a1b78a27578f13a17b -> 
  custom:container-demuxer-webm: 4f35f7cbe854078d1ac9338744f61a02 -> 
  custom:container-demuxer-ogg: 62fdf1f143b41e24485cea50d1cbac27 -> 
  custom:video-encoder-webm-vp8: eb34c28f22e8b96e1ab97ce403110664 -> 
  custom:video-decoder-webm-vp8: 9c59270c3fd7afecdb556c50c9e8de78 -> 
  custom:audio-decoder-ogg-vorbis: bf7c407c2cedff20999df2af8eb42d56 -> 
  custom:audio-encoder-webm-vorbis: bf7c407c2cedff20999df2af8eb42d56 -> 
========================================================================
Received Import Request.
  path: Assets/Materials/Level 1/Elevator.mat
  artifactKey: Guid(ff968d3f31be84f979313090d5feb26b) Importer(815301076,1909f56bfc062723c751e8b465ee728b)
Start importing Assets/Materials/Level 1/Elevator.mat using Guid(ff968d3f31be84f979313090d5feb26b) Importer(815301076,1909f56bfc062723c751e8b465ee728b)  -> (artifact id: 'd88cc0f926cbaeec89fea538e43db610') in 0.095331 seconds 
  Import took 0.096656 seconds .

========================================================================
Received Import Request.
  Time since last request: 0.000272 seconds.
  path: Assets/Samples/Google Cardboard XR Plugin for Unity/1.6.0/Hello Cardboard/Models/QuadSphere.obj
  artifactKey: Guid(b72f909583e324e448ea939d5cd2745f) Importer(815301076,1909f56bfc062723c751e8b465ee728b)
Start importing Assets/Samples/Google Cardboard XR Plugin for Unity/1.6.0/Hello Cardboard/Models/QuadSphere.obj using Guid(b72f909583e324e448ea939d5cd2745f) Importer(815301076,1909f56bfc062723c751e8b465ee728b)  -> (artifact id: '285321bda4b7e654567ab5ef77fa5845') in 0.339702 seconds 
  Import took 0.340846 seconds .

========================================================================
Received Import Request.
  Time since last request: 0.000284 seconds.
  path: Assets/Samples/Google Cardboard XR Plugin for Unity/1.6.0/Hello Cardboard/Models/Materials/TriSpherePink.mat
  artifactKey: Guid(98e1ed660e0a3453494d31d659d7388c) Importer(815301076,1909f56bfc062723c751e8b465ee728b)
Start importing Assets/Samples/Google Cardboard XR Plugin for Unity/1.6.0/Hello Cardboard/Models/Materials/TriSpherePink.mat using Guid(98e1ed660e0a3453494d31d659d7388c) Importer(815301076,1909f56bfc062723c751e8b465ee728b)  -> (artifact id: '727bebd3a34d7a7583c5ac11e4b5aba2') in 0.186455 seconds 
  Import took 0.187498 seconds .

========================================================================
Received Import Request.
  Time since last request: 0.000271 seconds.
  path: Assets/Materials/Level 1/Floor.mat
  artifactKey: Guid(66be13a161f454bf7b77d7b31014f4c4) Importer(815301076,1909f56bfc062723c751e8b465ee728b)
Start importing Assets/Materials/Level 1/Floor.mat using Guid(66be13a161f454bf7b77d7b31014f4c4) Importer(815301076,1909f56bfc062723c751e8b465ee728b)  -> (artifact id: 'e113f9bfd7dd4861ecacefbba81e4a75') in 0.011044 seconds 
  Import took 0.012518 seconds .

========================================================================
Received Import Request.
  Time since last request: 0.000341 seconds.
  path: Assets/Materials/Level 2/Pillar_Seen.mat
  artifactKey: Guid(a233197f54138764393b568e4dcd7e5d) Importer(815301076,1909f56bfc062723c751e8b465ee728b)
Start importing Assets/Materials/Level 2/Pillar_Seen.mat using Guid(a233197f54138764393b568e4dcd7e5d) Importer(815301076,1909f56bfc062723c751e8b465ee728b)  -> (artifact id: '0abf1223672e2f8e6216487005af0f73') in 0.010214 seconds 
  Import took 0.011435 seconds .

========================================================================
Received Import Request.
  Time since last request: 0.000215 seconds.
  path: Assets/Samples/Google Cardboard XR Plugin for Unity/1.6.0/Hello Cardboard/Models/TriSphere.obj
  artifactKey: Guid(1712e013c7c2d4169b7e9bfb5a2d8c84) Importer(815301076,1909f56bfc062723c751e8b465ee728b)
Start importing Assets/Samples/Google Cardboard XR Plugin for Unity/1.6.0/Hello Cardboard/Models/TriSphere.obj using Guid(1712e013c7c2d4169b7e9bfb5a2d8c84) Importer(815301076,1909f56bfc062723c751e8b465ee728b)  -> (artifact id: 'be31cede1338e39e109d54504353f881') in 0.207394 seconds 
  Import took 0.208494 seconds .

========================================================================
Received Import Request.
  Time since last request: 0.000268 seconds.
  path: Assets/Samples/Google Cardboard XR Plugin for Unity/1.6.0/Hello Cardboard/Models/Materials/QuadSpherePink.mat
  artifactKey: Guid(4cc7d26a25d984c5b876a1faafcf6235) Importer(815301076,1909f56bfc062723c751e8b465ee728b)
Start importing Assets/Samples/Google Cardboard XR Plugin for Unity/1.6.0/Hello Cardboard/Models/Materials/QuadSpherePink.mat using Guid(4cc7d26a25d984c5b876a1faafcf6235) Importer(815301076,1909f56bfc062723c751e8b465ee728b)  -> (artifact id: '80254fc294d6c5a3b4d74bdc08ce8df7') in 0.143945 seconds 
  Import took 0.145026 seconds .

========================================================================
Received Import Request.
  Time since last request: 0.000297 seconds.
  path: Assets/Materials/Level 1/SphereDefault.mat
  artifactKey: Guid(4e235050726e4482dbc36a9197474386) Importer(815301076,1909f56bfc062723c751e8b465ee728b)
Start importing Assets/Materials/Level 1/SphereDefault.mat using Guid(4e235050726e4482dbc36a9197474386) Importer(815301076,1909f56bfc062723c751e8b465ee728b)  -> (artifact id: 'b1a2a0407b5c7212505a7ec5a4148b7b') in 0.011555 seconds 
  Import took 0.012864 seconds .

========================================================================
Received Import Request.
  Time since last request: 0.000277 seconds.
  path: Assets/Samples/Google Cardboard XR Plugin for Unity/1.6.0/Hello Cardboard/Environments/Materials/CubeRoomEnvMat.mat
  artifactKey: Guid(689ba0fd6695140c38f76e6217599f37) Importer(815301076,1909f56bfc062723c751e8b465ee728b)
Start importing Assets/Samples/Google Cardboard XR Plugin for Unity/1.6.0/Hello Cardboard/Environments/Materials/CubeRoomEnvMat.mat using Guid(689ba0fd6695140c38f76e6217599f37) Importer(815301076,1909f56bfc062723c751e8b465ee728b)  -> (artifact id: '8ec402b31540f08da1329737e2c730bc') in 0.133670 seconds 
  Import took 0.134799 seconds .

========================================================================
Received Import Request.
  Time since last request: 0.000281 seconds.
  path: Assets/Materials/Level 2/Crystal_Seen.mat
  artifactKey: Guid(7d50634023ce24cbfb6768a8a2f55e50) Importer(815301076,1909f56bfc062723c751e8b465ee728b)
Start importing Assets/Materials/Level 2/Crystal_Seen.mat using Guid(7d50634023ce24cbfb6768a8a2f55e50) Importer(815301076,1909f56bfc062723c751e8b465ee728b)  -> (artifact id: '86393c7dc05664f494b00279560c284a') in 0.009408 seconds 
  Import took 0.010597 seconds .

========================================================================
Received Import Request.
  Time since last request: 0.000275 seconds.
  path: Assets/Materials/Level 1/Sphere.mat
  artifactKey: Guid(607c3d84589a64bf79eb0b44958e58b2) Importer(815301076,1909f56bfc062723c751e8b465ee728b)
Start importing Assets/Materials/Level 1/Sphere.mat using Guid(607c3d84589a64bf79eb0b44958e58b2) Importer(815301076,1909f56bfc062723c751e8b465ee728b)  -> (artifact id: 'bd3c2421af51850c729b131df8164980') in 0.012534 seconds 
  Import took 0.014088 seconds .

========================================================================
Received Import Request.
  Time since last request: 0.000425 seconds.
  path: Assets/Materials/MainMenu/ButtonNormal.mat
  artifactKey: Guid(69230bdae6d2a49e2ad19faa2dc77a71) Importer(815301076,1909f56bfc062723c751e8b465ee728b)
Start importing Assets/Materials/MainMenu/ButtonNormal.mat using Guid(69230bdae6d2a49e2ad19faa2dc77a71) Importer(815301076,1909f56bfc062723c751e8b465ee728b)  -> (artifact id: 'd58f71a245687b91aaf2e0640564f089') in 0.052313 seconds 
  Import took 0.054274 seconds .

========================================================================
Received Import Request.
  Time since last request: 0.000302 seconds.
  path: Assets/Samples/Google Cardboard XR Plugin for Unity/1.6.0/Hello Cardboard/Environments/CubeRoom.obj
  artifactKey: Guid(0b3edbbeccaa9429dafe86abead2eade) Importer(815301076,1909f56bfc062723c751e8b465ee728b)
Start importing Assets/Samples/Google Cardboard XR Plugin for Unity/1.6.0/Hello Cardboard/Environments/CubeRoom.obj using Guid(0b3edbbeccaa9429dafe86abead2eade) Importer(815301076,1909f56bfc062723c751e8b465ee728b)  -> (artifact id: 'a1b48ef6382e6afccf2d14ce1c8944bd') in 1.109398 seconds 
  Import took 1.110768 seconds .

========================================================================
Received Import Request.
  Time since last request: 0.000795 seconds.
  path: Assets/Samples/Google Cardboard XR Plugin for Unity/1.6.0/Hello Cardboard/Models/Materials/TriSphereBlue.mat
  artifactKey: Guid(b5f3136c0efcb40b18050a014202c92c) Importer(815301076,1909f56bfc062723c751e8b465ee728b)
Start importing Assets/Samples/Google Cardboard XR Plugin for Unity/1.6.0/Hello Cardboard/Models/Materials/TriSphereBlue.mat using Guid(b5f3136c0efcb40b18050a014202c92c) Importer(815301076,1909f56bfc062723c751e8b465ee728b)  -> (artifact id: '7ae1f27206e920d3ae2d711f1279c59f') in 0.507104 seconds 
  Import took 0.508295 seconds .

========================================================================
Received Import Request.
  Time since last request: 0.000282 seconds.
  path: Assets/Materials/MainMenu/MenuFloor.mat
  artifactKey: Guid(cd5a6810463fe4288bdb25db586182d6) Importer(815301076,1909f56bfc062723c751e8b465ee728b)
Start importing Assets/Materials/MainMenu/MenuFloor.mat using Guid(cd5a6810463fe4288bdb25db586182d6) Importer(815301076,1909f56bfc062723c751e8b465ee728b)  -> (artifact id: '52f5a12c15954f71e7fe070870129c9b') in 0.037434 seconds 
  Import took 0.038836 seconds .

========================================================================
Received Import Request.
  Time since last request: 0.000196 seconds.
  path: Assets/Materials/Level 2/Locks/Lock_Inactive.mat
  artifactKey: Guid(705ab8691710ac443815f5bf6e9edfe6) Importer(815301076,1909f56bfc062723c751e8b465ee728b)
Start importing Assets/Materials/Level 2/Locks/Lock_Inactive.mat using Guid(705ab8691710ac443815f5bf6e9edfe6) Importer(815301076,1909f56bfc062723c751e8b465ee728b)  -> (artifact id: 'e1987f1852e0e7d97c6a1bf1e9b71e7f') in 0.096000 seconds 
  Import took 0.097090 seconds .

========================================================================
Received Import Request.
  Time since last request: 0.000286 seconds.
  path: Assets/Materials/Level 2/Crystal_Inactive.mat
  artifactKey: Guid(466de616d65994a2db8ac4ed089b0e56) Importer(815301076,1909f56bfc062723c751e8b465ee728b)
Start importing Assets/Materials/Level 2/Crystal_Inactive.mat using Guid(466de616d65994a2db8ac4ed089b0e56) Importer(815301076,1909f56bfc062723c751e8b465ee728b)  -> (artifact id: '895ed2feb39c0178070599be9ec3c76c') in 0.009509 seconds 
  Import took 0.010512 seconds .

========================================================================
Received Import Request.
  Time since last request: 0.000231 seconds.
  path: Assets/Samples/Google Cardboard XR Plugin for Unity/1.6.0/Hello Cardboard/Models/Materials/IcosahedronBlue.mat
  artifactKey: Guid(d273276aed64642deac3f52504ab44eb) Importer(815301076,1909f56bfc062723c751e8b465ee728b)
Start importing Assets/Samples/Google Cardboard XR Plugin for Unity/1.6.0/Hello Cardboard/Models/Materials/IcosahedronBlue.mat using Guid(d273276aed64642deac3f52504ab44eb) Importer(815301076,1909f56bfc062723c751e8b465ee728b)  -> (artifact id: '9172746fcd2312fdc17c857bbb3bd5d2') in 1.935818 seconds 
  Import took 1.937429 seconds .

========================================================================
Received Import Request.
  Time since last request: 0.000345 seconds.
  path: Assets/Materials/Level 2/Wall.mat
  artifactKey: Guid(c45dfb529ba060547a4e3bbda9cf5b6a) Importer(815301076,1909f56bfc062723c751e8b465ee728b)
Start importing Assets/Materials/Level 2/Wall.mat using Guid(c45dfb529ba060547a4e3bbda9cf5b6a) Importer(815301076,1909f56bfc062723c751e8b465ee728b)  -> (artifact id: '90fcc7495e0eb78eaa7219fac4bf32ae') in 0.012485 seconds 
  Import took 0.013517 seconds .

========================================================================
Received Import Request.
  Time since last request: 0.000267 seconds.
  path: Assets/Materials/Level 2/Pillar_Inactive.mat
  artifactKey: Guid(17e18fa958f7e1042a98699721aa2ece) Importer(815301076,1909f56bfc062723c751e8b465ee728b)
Start importing Assets/Materials/Level 2/Pillar_Inactive.mat using Guid(17e18fa958f7e1042a98699721aa2ece) Importer(815301076,1909f56bfc062723c751e8b465ee728b)  -> (artifact id: '7e6efbc0aba971d9b6461c1e4f5c7867') in 0.151010 seconds 
  Import took 0.152075 seconds .

========================================================================
Received Import Request.
  Time since last request: 0.000244 seconds.
  path: Assets/Materials/Level 2/Locks/Green_Source.mat
  artifactKey: Guid(4e403becd935040458f8703163e7f6dc) Importer(815301076,1909f56bfc062723c751e8b465ee728b)
Start importing Assets/Materials/Level 2/Locks/Green_Source.mat using Guid(4e403becd935040458f8703163e7f6dc) Importer(815301076,1909f56bfc062723c751e8b465ee728b)  -> (artifact id: '25cae5281f0a0484b853d7de09735b22') in 0.010686 seconds 
  Import took 0.011998 seconds .

========================================================================
Received Import Request.
  Time since last request: 0.000260 seconds.
  path: Assets/Samples/Google Cardboard XR Plugin for Unity/1.6.0/Hello Cardboard/Models/Materials/QuadSphereBlue.mat
  artifactKey: Guid(026c99290ad2d42e98195d21d1c5a21d) Importer(815301076,1909f56bfc062723c751e8b465ee728b)
Start importing Assets/Samples/Google Cardboard XR Plugin for Unity/1.6.0/Hello Cardboard/Models/Materials/QuadSphereBlue.mat using Guid(026c99290ad2d42e98195d21d1c5a21d) Importer(815301076,1909f56bfc062723c751e8b465ee728b)  -> (artifact id: '470954900f87f83c95c8855012a05ee8') in 1.553255 seconds 
  Import took 1.554339 seconds .

========================================================================
Received Import Request.
  Time since last request: 0.000218 seconds.
  path: Assets/Materials/MainMenu/Sphere.mat
  artifactKey: Guid(bd55944c3aff04093bbf644285f39d2a) Importer(815301076,1909f56bfc062723c751e8b465ee728b)
Start importing Assets/Materials/MainMenu/Sphere.mat using Guid(bd55944c3aff04093bbf644285f39d2a) Importer(815301076,1909f56bfc062723c751e8b465ee728b)  -> (artifact id: 'c4d85d40979c3c7c82b59ad275acf0a7') in 0.218635 seconds 
  Import took 0.219892 seconds .

========================================================================
Received Import Request.
  Time since last request: 0.000190 seconds.
  path: Assets/Samples/Google Cardboard XR Plugin for Unity/1.6.0/Hello Cardboard/Models/Icosahedron.obj
  artifactKey: Guid(ae120d8251d1948cc9349cf3ff881336) Importer(815301076,1909f56bfc062723c751e8b465ee728b)
Start importing Assets/Samples/Google Cardboard XR Plugin for Unity/1.6.0/Hello Cardboard/Models/Icosahedron.obj using Guid(ae120d8251d1948cc9349cf3ff881336) Importer(815301076,1909f56bfc062723c751e8b465ee728b)  -> (artifact id: 'edae318cd06a4a5f598e32050236f946') in 0.753051 seconds 
  Import took 0.754345 seconds .

========================================================================
Received Import Request.
  Time since last request: 0.000218 seconds.
  path: Assets/Materials/Level 2/GreenLaser.mat
  artifactKey: Guid(8af20c10766814141897a4eecadd0e81) Importer(815301076,1909f56bfc062723c751e8b465ee728b)
Start importing Assets/Materials/Level 2/GreenLaser.mat using Guid(8af20c10766814141897a4eecadd0e81) Importer(815301076,1909f56bfc062723c751e8b465ee728b)  -> (artifact id: '61f7ba03f92e6984d0b2bd0698ac7ba1') in 0.009454 seconds 
  Import took 0.010570 seconds .

========================================================================
Received Import Request.
  Time since last request: 0.000220 seconds.
  path: Assets/Samples/Google Cardboard XR Plugin for Unity/1.6.0/Hello Cardboard/Models/Materials/IcosahedronPink.mat
  artifactKey: Guid(e569b4a1fb5d044619efe1abc174c85f) Importer(815301076,1909f56bfc062723c751e8b465ee728b)
Start importing Assets/Samples/Google Cardboard XR Plugin for Unity/1.6.0/Hello Cardboard/Models/Materials/IcosahedronPink.mat using Guid(e569b4a1fb5d044619efe1abc174c85f) Importer(815301076,1909f56bfc062723c751e8b465ee728b)  -> (artifact id: 'da3a837a0d0ea1ea0a441236b38be304') in 0.431323 seconds 
  Import took 0.432634 seconds .

========================================================================
Received Prepare
Registering precompiled user dll's ...
Registered in 0.000417 seconds.
Begin MonoManager ReloadAssembly
Native extension for WindowsStandalone target not found
Native extension for WebGL target not found
Refreshing native plugins compatible for Editor in 0.15 ms, found 0 plugins.
Preloading 0 native plugins for Editor in 0.00 ms.
Mono: successfully reloaded assembly
- Completed reload, in  0.639 seconds
Platform modules already initialized, skipping
Refreshing native plugins compatible for Editor in 0.14 ms, found 0 plugins.
Preloading 0 native plugins for Editor in 0.00 ms.
Unloading 620 Unused Serialized files (Serialized files now loaded: 0)
System memory in use before: 44.9 MB.
System memory in use after: 45.0 MB.

Unloading 5 unused Assets to reduce memory usage. Loaded Objects now: 1119.
Total: 1.189400 ms (FindLiveObjects: 0.074400 ms CreateObjectMapping: 0.017000 ms MarkObjects: 1.085900 ms  DeleteObjects: 0.011300 ms)

AssetImportParameters requested are different than current active one (requested -> active):
  custom:framework-win-MediaFoundation: 216162199b28c13a410421893ffa2e32 -> 
  custom:video-decoder-ogg-theora: a1e56fd34408186e4bbccfd4996cb3dc -> 
  custom:container-muxer-webm: aa71ff27fc2769a1b78a27578f13a17b -> 
  custom:container-demuxer-webm: 4f35f7cbe854078d1ac9338744f61a02 -> 
  custom:container-demuxer-ogg: 62fdf1f143b41e24485cea50d1cbac27 -> 
  custom:video-encoder-webm-vp8: eb34c28f22e8b96e1ab97ce403110664 -> 
  custom:video-decoder-webm-vp8: 9c59270c3fd7afecdb556c50c9e8de78 -> 
  custom:audio-decoder-ogg-vorbis: bf7c407c2cedff20999df2af8eb42d56 -> 
  custom:audio-encoder-webm-vorbis: bf7c407c2cedff20999df2af8eb42d56 -> 
